<?xml version="1.0" encoding="UTF-8"?>
<!-- Generated by org.testng.reporters.JUnitReportReporter -->
<testsuite hostname="LAPTOP-5KMFOFH9" failures="0" tests="5" name="httpRequest.AuthenticationDemo" time="7.747" errors="0" timestamp="2023-11-29T16:48:59 IST" skipped="0">
  <testcase classname="httpRequest.AuthenticationDemo" name="basic_Auth" time="3.706"/>
  <system-out/>
  <testcase classname="httpRequest.AuthenticationDemo" name="digestAuth" time="1.320"/>
  <system-out/>
  <testcase classname="httpRequest.AuthenticationDemo" name="preemptiveAuth" time="1.048"/>
  <system-out/>
  <testcase classname="httpRequest.AuthenticationDemo" name="bearerTokenAuth" time="0.897"/>
  <system-out/>
  <testcase classname="httpRequest.AuthenticationDemo" name="auth2Test" time="0.776"/>
  <system-out/>
</testsuite> <!-- httpRequest.AuthenticationDemo -->
