<?xml version="1.0" encoding="UTF-8"?>
<!-- Generated by org.testng.reporters.JUnitReportReporter -->
<testsuite hostname="LAPTOP-5KMFOFH9" failures="0" tests="1" name="httpRequest.HttpBasicRequest" time="3.588" errors="0" timestamp="2023-11-24T15:29:23 IST" skipped="0">
  <testcase classname="httpRequest.HttpBasicRequest" name="getRequest_SingleUser" time="3.588"/>
  <system-out/>
</testsuite> <!-- httpRequest.HttpBasicRequest -->
