<?xml version="1.0" encoding="UTF-8"?>
<!-- Generated by org.testng.reporters.JUnitReportReporter -->
<testsuite hostname="LAPTOP-5KMFOFH9" failures="0" tests="3" name="httpRequest.HttpPOST_UPDATE_DELETE" time="5.116" errors="0" timestamp="2023-11-24T17:09:45 IST" skipped="0">
  <testcase classname="httpRequest.HttpPOST_UPDATE_DELETE" name="create_User" time="3.407"/>
  <system-out/>
  <testcase classname="httpRequest.HttpPOST_UPDATE_DELETE" name="updateSameUser" time="0.907"/>
  <system-out/>
  <testcase classname="httpRequest.HttpPOST_UPDATE_DELETE" name="deleteSameUser" time="0.802"/>
  <system-out/>
</testsuite> <!-- httpRequest.HttpPOST_UPDATE_DELETE -->
