<?xml version="1.0" encoding="UTF-8"?>
<!-- Generated by org.testng.reporters.JUnitReportReporter -->
<testsuite hostname="LAPTOP-5KMFOFH9" failures="0" tests="4" name="httpRequest.GetRequest" time="3.512" errors="0" timestamp="2023-11-24T16:30:10 IST" skipped="0">
  <testcase classname="httpRequest.GetRequest" name="getList_Users" time="2.463"/>
  <system-out/>
  <testcase classname="httpRequest.GetRequest" name="getSingle_User" time="0.143"/>
  <system-out/>
  <testcase classname="httpRequest.GetRequest" name="hasItemMethod" time="0.484"/>
  <system-out/>
  <testcase classname="httpRequest.GetRequest" name="containsMethod" time="0.422"/>
  <system-out/>
</testsuite> <!-- httpRequest.GetRequest -->
