<?xml version="1.0" encoding="UTF-8"?>
<!-- Generated by org.testng.reporters.JUnitReportReporter -->
<testsuite hostname="LAPTOP-5KMFOFH9" failures="0" tests="1" name="httpRequest.Searialization_Deserialization" time="0.256" errors="0" timestamp="2023-11-29T16:08:22 IST" skipped="0">
  <testcase classname="httpRequest.Searialization_Deserialization" name="deserializationTest" time="0.256"/>
  <system-out/>
</testsuite> <!-- httpRequest.Searialization_Deserialization -->
