<?xml version="1.0" encoding="UTF-8"?>
<!-- Generated by org.testng.reporters.JUnitReportReporter -->
<testsuite hostname="LAPTOP-5KMFOFH9" failures="0" tests="1" name="httpRequest.HeadersValidation" time="2.163" errors="0" timestamp="2023-11-29T15:26:17 IST" skipped="0">
  <testcase classname="httpRequest.HeadersValidation" name="getHeaders" time="2.163"/>
  <system-out/>
</testsuite> <!-- httpRequest.HeadersValidation -->
