<?xml version="1.0" encoding="UTF-8"?>
<!-- Generated by org.testng.reporters.JUnitReportReporter -->
<testsuite hostname="LAPTOP-5KMFOFH9" failures="0" tests="1" name="httpRequest.PostRequest" time="1.414" errors="0" timestamp="2023-11-29T14:27:38 IST" skipped="0">
  <testcase classname="httpRequest.PostRequest" name="deletePojo" time="1.414"/>
  <system-out/>
</testsuite> <!-- httpRequest.PostRequest -->
