<?xml version="1.0" encoding="UTF-8"?>
<!-- Generated by org.testng.reporters.JUnitReportReporter -->
<testsuite hostname="LAPTOP-5KMFOFH9" failures="0" tests="2" name="httpRequest.Query_PathParameters" time="3.012" errors="0" timestamp="2023-11-29T14:46:23 IST" skipped="0">
  <testcase classname="httpRequest.Query_PathParameters" name="get_Request" time="2.860"/>
  <system-out/>
  <testcase classname="httpRequest.Query_PathParameters" name="query_PathTest" time="0.152"/>
  <system-out/>
</testsuite> <!-- httpRequest.Query_PathParameters -->
